{"contracts\\mocks\\MockERC20.sol":{"l":{"9":31,"13":27},"path":"D:\\Gpp\\token-vault-uups\\contracts\\mocks\\MockERC20.sol","s":{"1":31,"2":27},"b":{},"f":{"1":31,"2":27},"fnMap":{"1":{"name":"constructor","line":8,"loc":{"start":{"line":8,"column":4},"end":{"line":10,"column":4}}},"2":{"name":"mint","line":12,"loc":{"start":{"line":12,"column":4},"end":{"line":14,"column":4}}}},"statementMap":{"1":{"start":{"line":9,"column":8},"end":{"line":9,"column":41}},"2":{"start":{"line":13,"column":8},"end":{"line":13,"column":24}}},"branchMap":{}},"contracts\\TokenVaultV1.sol":{"l":{"28":4,"37":31,"38":31,"40":31,"41":31,"43":31,"44":31,"46":31,"47":31,"52":26,"54":26,"55":26,"57":26,"59":26,"60":26,"64":2,"65":2,"67":1,"68":1,"70":1,"75":6,"79":3,"83":1,"92":0},"path":"D:\\Gpp\\token-vault-uups\\contracts\\TokenVaultV1.sol","s":{"1":4,"2":31,"3":31,"4":31,"5":31,"6":31,"7":31,"8":26,"9":26,"10":26,"11":26,"12":2,"13":2,"14":1,"15":6,"16":3,"17":1,"18":0},"b":{"1":[31,2],"2":[31,0],"3":[31,0],"4":[26,0],"5":[2,0],"6":[1,1],"7":[33,1]},"f":{"1":4,"2":31,"3":26,"4":2,"5":6,"6":3,"7":1,"8":0,"9":33},"fnMap":{"1":{"name":"constructor","line":27,"loc":{"start":{"line":27,"column":4},"end":{"line":29,"column":4}}},"2":{"name":"initialize","line":36,"loc":{"start":{"line":32,"column":4},"end":{"line":48,"column":4}}},"3":{"name":"deposit","line":51,"loc":{"start":{"line":51,"column":4},"end":{"line":61,"column":4}}},"4":{"name":"withdraw","line":63,"loc":{"start":{"line":63,"column":4},"end":{"line":71,"column":4}}},"5":{"name":"balanceOf","line":74,"loc":{"start":{"line":74,"column":4},"end":{"line":76,"column":4}}},"6":{"name":"totalDeposits","line":78,"loc":{"start":{"line":78,"column":4},"end":{"line":80,"column":4}}},"7":{"name":"getDepositFee","line":82,"loc":{"start":{"line":82,"column":4},"end":{"line":84,"column":4}}},"8":{"name":"getImplementationVersion","line":86,"loc":{"start":{"line":86,"column":4},"end":{"line":93,"column":4}}},"9":{"name":"_authorizeUpgrade","line":99,"loc":{"start":{"line":96,"column":4},"end":{"line":100,"column":5}}}},"statementMap":{"1":{"start":{"line":28,"column":8},"end":{"line":28,"column":29}},"2":{"start":{"line":37,"column":8},"end":{"line":37,"column":53}},"3":{"start":{"line":38,"column":8},"end":{"line":38,"column":53}},"4":{"start":{"line":40,"column":8},"end":{"line":40,"column":29}},"5":{"start":{"line":41,"column":8},"end":{"line":41,"column":31}},"6":{"start":{"line":46,"column":8},"end":{"line":46,"column":45}},"7":{"start":{"line":47,"column":8},"end":{"line":47,"column":40}},"8":{"start":{"line":52,"column":8},"end":{"line":52,"column":48}},"9":{"start":{"line":54,"column":8},"end":{"line":54,"column":51}},"10":{"start":{"line":55,"column":8},"end":{"line":55,"column":39}},"11":{"start":{"line":57,"column":8},"end":{"line":57,"column":60}},"12":{"start":{"line":64,"column":8},"end":{"line":64,"column":48}},"13":{"start":{"line":65,"column":8},"end":{"line":65,"column":70}},"14":{"start":{"line":70,"column":8},"end":{"line":70,"column":41}},"15":{"start":{"line":75,"column":8},"end":{"line":75,"column":29}},"16":{"start":{"line":79,"column":8},"end":{"line":79,"column":29}},"17":{"start":{"line":83,"column":8},"end":{"line":83,"column":25}},"18":{"start":{"line":92,"column":8},"end":{"line":92,"column":19}}},"branchMap":{"1":{"line":36,"type":"if","locations":[{"start":{"line":36,"column":15},"end":{"line":36,"column":15}},{"start":{"line":36,"column":15},"end":{"line":36,"column":15}}]},"2":{"line":37,"type":"if","locations":[{"start":{"line":37,"column":8},"end":{"line":37,"column":8}},{"start":{"line":37,"column":8},"end":{"line":37,"column":8}}]},"3":{"line":38,"type":"if","locations":[{"start":{"line":38,"column":8},"end":{"line":38,"column":8}},{"start":{"line":38,"column":8},"end":{"line":38,"column":8}}]},"4":{"line":52,"type":"if","locations":[{"start":{"line":52,"column":8},"end":{"line":52,"column":8}},{"start":{"line":52,"column":8},"end":{"line":52,"column":8}}]},"5":{"line":64,"type":"if","locations":[{"start":{"line":64,"column":8},"end":{"line":64,"column":8}},{"start":{"line":64,"column":8},"end":{"line":64,"column":8}}]},"6":{"line":65,"type":"if","locations":[{"start":{"line":65,"column":8},"end":{"line":65,"column":8}},{"start":{"line":65,"column":8},"end":{"line":65,"column":8}}]},"7":{"line":99,"type":"if","locations":[{"start":{"line":99,"column":8},"end":{"line":99,"column":8}},{"start":{"line":99,"column":8},"end":{"line":99,"column":8}}]}}},"contracts\\TokenVaultV2.sol":{"l":{"24":22,"25":22,"27":22,"35":1,"39":3,"47":3,"48":3,"50":1,"53":1,"54":1,"57":1,"59":1,"65":1,"66":1,"68":0,"69":0,"71":0,"76":3,"80":1,"84":1,"89":2,"91":1,"93":1,"94":1,"106":0},"path":"D:\\Gpp\\token-vault-uups\\contracts\\TokenVaultV2.sol","s":{"1":22,"2":3,"3":3,"4":3,"5":2,"6":1,"7":1,"8":1,"9":1,"10":1,"11":1,"12":0,"13":1,"14":2,"15":1,"16":1,"17":0},"b":{"1":[22,0],"2":[1,1],"3":[2,1],"4":[1,0],"5":[0,1],"6":[3,0],"7":[1,0],"8":[1,1],"9":[1,0]},"f":{"1":22,"2":1,"3":3,"4":3,"5":1,"6":3,"7":1,"8":1,"9":2,"10":0},"fnMap":{"1":{"name":"initializeV2","line":23,"loc":{"start":{"line":23,"column":4},"end":{"line":28,"column":4}}},"2":{"name":"setYieldRate","line":33,"loc":{"start":{"line":31,"column":4},"end":{"line":36,"column":4}}},"3":{"name":"getYieldRate","line":38,"loc":{"start":{"line":38,"column":4},"end":{"line":40,"column":4}}},"4":{"name":"getUserYield","line":42,"loc":{"start":{"line":42,"column":4},"end":{"line":62,"column":4}}},"5":{"name":"claimYield","line":64,"loc":{"start":{"line":64,"column":4},"end":{"line":72,"column":4}}},"6":{"name":"pauseDeposits","line":75,"loc":{"start":{"line":75,"column":4},"end":{"line":77,"column":4}}},"7":{"name":"unpauseDeposits","line":79,"loc":{"start":{"line":79,"column":4},"end":{"line":81,"column":4}}},"8":{"name":"isDepositsPaused","line":83,"loc":{"start":{"line":83,"column":4},"end":{"line":85,"column":4}}},"9":{"name":"deposit","line":88,"loc":{"start":{"line":88,"column":4},"end":{"line":96,"column":4}}},"10":{"name":"getImplementationVersion","line":99,"loc":{"start":{"line":99,"column":4},"end":{"line":107,"column":4}}}},"statementMap":{"1":{"start":{"line":27,"column":8},"end":{"line":27,"column":42}},"2":{"start":{"line":39,"column":8},"end":{"line":39,"column":24}},"3":{"start":{"line":47,"column":8},"end":{"line":47,"column":40}},"4":{"start":{"line":48,"column":8},"end":{"line":48,"column":34}},"5":{"start":{"line":48,"column":26},"end":{"line":48,"column":34}},"6":{"start":{"line":50,"column":8},"end":{"line":50,"column":46}},"7":{"start":{"line":53,"column":8},"end":{"line":53,"column":1487}},"8":{"start":{"line":57,"column":8},"end":{"line":57,"column":56}},"9":{"start":{"line":59,"column":8},"end":{"line":59,"column":1650}},"10":{"start":{"line":65,"column":8},"end":{"line":65,"column":54}},"11":{"start":{"line":66,"column":8},"end":{"line":66,"column":53}},"12":{"start":{"line":71,"column":8},"end":{"line":71,"column":26}},"13":{"start":{"line":84,"column":8},"end":{"line":84,"column":29}},"14":{"start":{"line":89,"column":8},"end":{"line":89,"column":50}},"15":{"start":{"line":91,"column":8},"end":{"line":91,"column":28}},"16":{"start":{"line":93,"column":8},"end":{"line":93,"column":2598}},"17":{"start":{"line":106,"column":8},"end":{"line":106,"column":19}}},"branchMap":{"1":{"line":23,"type":"if","locations":[{"start":{"line":23,"column":55},"end":{"line":23,"column":55}},{"start":{"line":23,"column":55},"end":{"line":23,"column":55}}]},"2":{"line":33,"type":"if","locations":[{"start":{"line":33,"column":8},"end":{"line":33,"column":8}},{"start":{"line":33,"column":8},"end":{"line":33,"column":8}}]},"3":{"line":48,"type":"if","locations":[{"start":{"line":48,"column":8},"end":{"line":48,"column":8}},{"start":{"line":48,"column":8},"end":{"line":48,"column":8}}]},"4":{"line":53,"type":"if","locations":[{"start":{"line":53,"column":8},"end":{"line":53,"column":8}},{"start":{"line":53,"column":8},"end":{"line":53,"column":8}}]},"5":{"line":66,"type":"if","locations":[{"start":{"line":66,"column":8},"end":{"line":66,"column":8}},{"start":{"line":66,"column":8},"end":{"line":66,"column":8}}]},"6":{"line":75,"type":"if","locations":[{"start":{"line":75,"column":38},"end":{"line":75,"column":38}},{"start":{"line":75,"column":38},"end":{"line":75,"column":38}}]},"7":{"line":79,"type":"if","locations":[{"start":{"line":79,"column":40},"end":{"line":79,"column":40}},{"start":{"line":79,"column":40},"end":{"line":79,"column":40}}]},"8":{"line":89,"type":"if","locations":[{"start":{"line":89,"column":8},"end":{"line":89,"column":8}},{"start":{"line":89,"column":8},"end":{"line":89,"column":8}}]},"9":{"line":93,"type":"if","locations":[{"start":{"line":93,"column":8},"end":{"line":93,"column":8}},{"start":{"line":93,"column":8},"end":{"line":93,"column":8}}]}}},"contracts\\TokenVaultV3.sol":{"l":{"18":11,"26":1,"30":1,"34":6,"35":6,"37":6,"38":6,"42":4,"43":4,"45":3,"46":3,"51":1,"52":1,"54":1,"55":1,"57":1,"59":1,"63":2,"64":2,"66":1,"67":1,"69":1,"70":1,"72":1,"74":1,"82":2,"94":1},"path":"D:\\Gpp\\token-vault-uups\\contracts\\TokenVaultV3.sol","s":{"1":1,"2":6,"3":6,"4":4,"5":4,"6":3,"7":3,"8":1,"9":1,"10":2,"11":2,"12":1,"13":1,"14":2,"15":1},"b":{"1":[11,0],"2":[1,0],"3":[6,0],"4":[6,0],"5":[3,1],"6":[1,2],"7":[1,1]},"f":{"1":11,"2":1,"3":1,"4":6,"5":4,"6":2,"7":2,"8":1},"fnMap":{"1":{"name":"initializeV3","line":17,"loc":{"start":{"line":17,"column":4},"end":{"line":19,"column":4}}},"2":{"name":"setWithdrawalDelay","line":24,"loc":{"start":{"line":22,"column":4},"end":{"line":27,"column":4}}},"3":{"name":"getWithdrawalDelay","line":29,"loc":{"start":{"line":29,"column":4},"end":{"line":31,"column":4}}},"4":{"name":"requestWithdrawal","line":33,"loc":{"start":{"line":33,"column":4},"end":{"line":39,"column":4}}},"5":{"name":"executeWithdrawal","line":41,"loc":{"start":{"line":41,"column":4},"end":{"line":60,"column":4}}},"6":{"name":"emergencyWithdraw","line":62,"loc":{"start":{"line":62,"column":4},"end":{"line":75,"column":4}}},"7":{"name":"getWithdrawalRequest","line":77,"loc":{"start":{"line":77,"column":4},"end":{"line":86,"column":4}}},"8":{"name":"getImplementationVersion","line":88,"loc":{"start":{"line":88,"column":4},"end":{"line":95,"column":4}}}},"statementMap":{"1":{"start":{"line":30,"column":8},"end":{"line":30,"column":30}},"2":{"start":{"line":34,"column":8},"end":{"line":34,"column":44}},"3":{"start":{"line":35,"column":8},"end":{"line":35,"column":70}},"4":{"start":{"line":42,"column":8},"end":{"line":42,"column":53}},"5":{"start":{"line":43,"column":8},"end":{"line":43,"column":51}},"6":{"start":{"line":45,"column":8},"end":{"line":45,"column":63}},"7":{"start":{"line":46,"column":8},"end":{"line":46,"column":1488}},"8":{"start":{"line":57,"column":8},"end":{"line":57,"column":41}},"9":{"start":{"line":59,"column":8},"end":{"line":59,"column":21}},"10":{"start":{"line":63,"column":8},"end":{"line":63,"column":46}},"11":{"start":{"line":64,"column":8},"end":{"line":64,"column":50}},"12":{"start":{"line":72,"column":8},"end":{"line":72,"column":42}},"13":{"start":{"line":74,"column":8},"end":{"line":74,"column":22}},"14":{"start":{"line":82,"column":8},"end":{"line":82,"column":2434}},"15":{"start":{"line":94,"column":8},"end":{"line":94,"column":19}}},"branchMap":{"1":{"line":17,"type":"if","locations":[{"start":{"line":17,"column":58},"end":{"line":17,"column":58}},{"start":{"line":17,"column":58},"end":{"line":17,"column":58}}]},"2":{"line":24,"type":"if","locations":[{"start":{"line":24,"column":8},"end":{"line":24,"column":8}},{"start":{"line":24,"column":8},"end":{"line":24,"column":8}}]},"3":{"line":34,"type":"if","locations":[{"start":{"line":34,"column":8},"end":{"line":34,"column":8}},{"start":{"line":34,"column":8},"end":{"line":34,"column":8}}]},"4":{"line":35,"type":"if","locations":[{"start":{"line":35,"column":8},"end":{"line":35,"column":8}},{"start":{"line":35,"column":8},"end":{"line":35,"column":8}}]},"5":{"line":43,"type":"if","locations":[{"start":{"line":43,"column":8},"end":{"line":43,"column":8}},{"start":{"line":43,"column":8},"end":{"line":43,"column":8}}]},"6":{"line":46,"type":"if","locations":[{"start":{"line":46,"column":8},"end":{"line":46,"column":8}},{"start":{"line":46,"column":8},"end":{"line":46,"column":8}}]},"7":{"line":64,"type":"if","locations":[{"start":{"line":64,"column":8},"end":{"line":64,"column":8}},{"start":{"line":64,"column":8},"end":{"line":64,"column":8}}]}}}}